#
# There is insufficient memory for the Java Runtime Environment to continue.
# Native memory allocation (malloc) failed to allocate 1048576 bytes for AllocateHeap
# Possible reasons:
#   The system is out of physical RAM or swap space
#   The process is running with CompressedOops enabled, and the Java Heap may be blocking the growth of the native heap
# Possible solutions:
#   Reduce memory load on the system
#   Increase physical memory or swap space
#   Check if swap backing store is full
#   Decrease Java heap size (-Xmx/-Xms)
#   Decrease number of Java threads
#   Decrease Java thread stack sizes (-Xss)
#   Set larger code cache with -XX:ReservedCodeCacheSize=
#   JVM is running with Zero Based Compressed Oops mode in which the Java heap is
#     placed in the first 32GB address space. The Java Heap base address is the
#     maximum limit for the native heap growth. Please use -XX:HeapBaseMinAddress
#     to set the Java Heap base and to place the Java Heap above 32GB virtual address.
# This output file may be truncated or incomplete.
#
#  Out of Memory Error (memory/allocation.inline.hpp:61), pid=29124, tid=0x0000000000009778
#
# JRE version:  (8.0_491) (build )
# Java VM: Java HotSpot(TM) 64-Bit Server VM (25.491-b10 mixed mode windows-amd64 compressed oops)
# Failed to write core dump. Minidumps are not enabled by default on client versions of Windows
#

---------------  T H R E A D  ---------------

Current thread (0x0000021dcfd25000):  JavaThread "Unknown thread" [_thread_in_vm, id=38776, stack(0x00000032db500000,0x00000032db600000)]

Stack: [0x00000032db500000,0x00000032db600000]
Native frames: (J=compiled Java code, j=interpreted, Vv=VM code, C=native code)
V  [jvm.dll+0x34a099]
V  [jvm.dll+0x28c602]
V  [jvm.dll+0x28d1da]
V  [jvm.dll+0x281155]
V  [jvm.dll+0x481f]
V  [jvm.dll+0x3eab57]
V  [jvm.dll+0x3e6b57]
V  [jvm.dll+0x1057ef]
V  [jvm.dll+0x219ffb]
V  [jvm.dll+0x24b92a]
V  [jvm.dll+0x16d036]
C  [java.exe+0x24f8]
C  [java.exe+0x1884f]
C  [KERNEL32.DLL+0x2e957]
C  [ntdll.dll+0xaad6c]


---------------  P R O C E S S  ---------------

Java Threads: ( => current thread )

Other Threads:

=>0x0000021dcfd25000 (exited) JavaThread "Unknown thread" [_thread_in_vm, id=38776, stack(0x00000032db500000,0x00000032db600000)]

VM state:not at safepoint (normal execution)

VM Mutex/Monitor currently owned by a thread: None

heap address: 0x00000006c4c00000, size: 4020 MB, Compressed Oops mode: Zero based, Oop shift amount: 3
Narrow klass base: 0x0000000000000000, Narrow klass shift: 3
Compressed class space size: 1073741824 Address: 0x00000007c0000000

Heap:
 PSYoungGen      total 75264K, used 1290K [0x000000076c400000, 0x0000000771800000, 0x00000007c0000000)
  eden space 64512K, 2% used [0x000000076c400000,0x000000076c542900,0x0000000770300000)
  from space 10752K, 0% used [0x0000000770d80000,0x0000000770d80000,0x0000000771800000)
  to   space 10752K, 0% used [0x0000000770300000,0x0000000770300000,0x0000000770d80000)
 ParOldGen       total 172032K, used 0K [0x00000006c4c00000, 0x00000006cf400000, 0x000000076c400000)
  object space 172032K, 0% used [0x00000006c4c00000,0x00000006c4c00000,0x00000006cf400000)
 Metaspace       used 752K, capacity 4480K, committed 4480K, reserved 1056768K
  class space    used 76K, capacity 384K, committed 384K, reserved 1048576K

Card table byte_map: [0x0000021de0cd0000,0x0000021de14b0000] byte_map_base: 0x0000021ddd6aa000

Marking Bits: (ParMarkBitMap*) 0x00007ffe1c4d2400
 Begin Bits: [0x0000021de19f0000, 0x0000021de58c0000)
 End Bits:   [0x0000021de58c0000, 0x0000021de9790000)

Polling page: 0x0000021dd0030000

CodeCache: size=245760Kb used=329Kb max_used=329Kb free=245430Kb
 bounds [0x0000021dd1910000, 0x0000021dd1b80000, 0x0000021de0910000]
 total_blobs=58 nmethods=0 adapters=38
 compilation: enabled

Compilation events (0 events):
No events

GC Heap History (0 events):
No events

Deoptimization events (0 events):
No events

Classes redefined (0 events):
No events

Internal exceptions (0 events):
No events

Events (10 events):
Event: 1.222 loading class java/lang/Short
Event: 1.222 loading class java/lang/Short done
Event: 1.222 loading class java/lang/Integer
Event: 1.222 loading class java/lang/Integer done
Event: 1.222 loading class java/lang/Long
Event: 1.223 loading class java/lang/Long done
Event: 1.223 loading class java/lang/NullPointerException
Event: 1.223 loading class java/lang/NullPointerException done
Event: 1.223 loading class java/lang/ArithmeticException
Event: 1.223 loading class java/lang/ArithmeticException done


Dynamic libraries:
0x00007ff618950000 - 0x00007ff61899f000 	C:\Program Files\Java\jre1.8.0_491\bin\java.exe
0x00007fff75380000 - 0x00007fff755e6000 	C:\WINDOWS\SYSTEM32\ntdll.dll
0x00007fff738c0000 - 0x00007fff73989000 	C:\WINDOWS\System32\KERNEL32.DLL
0x00007fff727a0000 - 0x00007fff72b9e000 	C:\WINDOWS\System32\KERNELBASE.dll
0x00007fff73640000 - 0x00007fff736f7000 	C:\WINDOWS\System32\ADVAPI32.dll
0x00007fff733c0000 - 0x00007fff73469000 	C:\WINDOWS\System32\msvcrt.dll
0x00007fff74200000 - 0x00007fff742aa000 	C:\WINDOWS\System32\sechost.dll
0x00007fff73f00000 - 0x00007fff74018000 	C:\WINDOWS\System32\RPCRT4.dll
0x00007fff739a0000 - 0x00007fff73b67000 	C:\WINDOWS\System32\USER32.dll
0x00007fff72dd0000 - 0x00007fff72df7000 	C:\WINDOWS\System32\win32u.dll
0x00007fff73790000 - 0x00007fff737bb000 	C:\WINDOWS\System32\GDI32.dll
0x00007fff72e00000 - 0x00007fff72f2a000 	C:\WINDOWS\System32\gdi32full.dll
0x00007fff726f0000 - 0x00007fff72793000 	C:\WINDOWS\System32\msvcp_win.dll
0x00007fff72c70000 - 0x00007fff72dbc000 	C:\WINDOWS\System32\ucrtbase.dll
0x00007fff41f00000 - 0x00007fff42192000 	C:\WINDOWS\WinSxS\amd64_microsoft.windows.common-controls_6595b64144ccf1df_6.0.26100.8875_none_3e0d5d42e32fe9dd\COMCTL32.dll
0x00007fff74ab0000 - 0x00007fff74ae2000 	C:\WINDOWS\System32\IMM32.DLL
0x00007fff50b30000 - 0x00007fff50b4e000 	C:\Program Files\Java\jre1.8.0_491\bin\vcruntime140.dll
0x00007fff5b8c0000 - 0x00007fff5b8cc000 	C:\Program Files\Java\jre1.8.0_491\bin\vcruntime140_1.dll
0x00007ffee4160000 - 0x00007ffee41ed000 	C:\Program Files\Java\jre1.8.0_491\bin\msvcp140.dll
0x00007ffe1bcf0000 - 0x00007ffe1c5a3000 	C:\Program Files\Java\jre1.8.0_491\bin\server\jvm.dll
0x00007fff733b0000 - 0x00007fff733b8000 	C:\WINDOWS\System32\PSAPI.DLL
0x00007fff687f0000 - 0x00007fff68826000 	C:\WINDOWS\SYSTEM32\WINMM.dll
0x00007fff65e30000 - 0x00007fff65e3b000 	C:\WINDOWS\SYSTEM32\VERSION.dll
0x00007fff2e170000 - 0x00007fff2e17a000 	C:\WINDOWS\SYSTEM32\WSOCK32.dll
0x00007fff73540000 - 0x00007fff735c0000 	C:\WINDOWS\System32\ws2_32.DLL
0x00007fff713a0000 - 0x00007fff713bb000 	C:\WINDOWS\SYSTEM32\kernel.appcore.dll
0x00007fff50b20000 - 0x00007fff50b30000 	C:\Program Files\Java\jre1.8.0_491\bin\verify.dll
0x00007fff4d5e0000 - 0x00007fff4d60c000 	C:\Program Files\Java\jre1.8.0_491\bin\java.dll
0x00007fff4d690000 - 0x00007fff4d6a8000 	C:\Program Files\Java\jre1.8.0_491\bin\zip.dll
0x00007fff6f530000 - 0x00007fff6f772000 	C:\WINDOWS\SYSTEM32\dbghelp.dll
0x00007fff74fb0000 - 0x00007fff75333000 	C:\WINDOWS\System32\combase.dll
0x00007fff732d0000 - 0x00007fff733a9000 	C:\WINDOWS\System32\OLEAUT32.dll
0x00007fff725a0000 - 0x00007fff7264c000 	C:\WINDOWS\System32\bcryptPrimitives.dll

VM Arguments:
jvm_args: -Dfile.encoding=GBK 
java_command: D:\Devstudio\DevEco Studio\sdk\default\openharmony\toolchains\lib\app_packing_tool.jar --mode hap --force true --lib-path D:\Users\MBri\Workspace\Project\test\entry\build\default\intermediates\stripped_native_libs\default --json-path D:\Users\MBri\Workspace\Project\test\entry\build\default\intermediates\package\default\module.json --resources-path D:\Users\MBri\Workspace\Project\test\entry\build\default\intermediates\res\default\resources --index-path D:\Users\MBri\Workspace\Project\test\entry\build\default\intermediates\res\default\resources.index --pack-info-path D:\Users\MBri\Workspace\Project\test\entry\build\default\outputs\default\pack.info --out-path D:\Users\MBri\Workspace\Project\test\entry\build\default\outputs\default\entry-default-unsigned.hap --ets-path D:\Users\MBri\Workspace\Project\test\entry\build\default\intermediates\loader_out\default\ets --pkg-context-path D:\Users\MBri\Workspace\Project\test\entry\build\default\intermediates\loader\default\pkgContextInfo.json
java_class_path (initial): D:\Devstudio\DevEco Studio\sdk\default\openharmony\toolchains\lib\app_packing_tool.jar
Launcher Type: SUN_STANDARD

Environment Variables:
USERNAME=MBri
SHELL=C:\windows\System32\WindowsPowerShell\v1.0\powershell.exe
OS=Windows_NT
PROCESSOR_IDENTIFIER=Intel64 Family 6 Model 186 Stepping 2, GenuineIntel



---------------  S Y S T E M  ---------------

OS: Windows 11 , 64 bit Build 26100 (10.0.26100.8875)

CPU:total 16 (initial active 16) (8 cores per cpu, 2 threads per core) family 6 model 186 stepping 2, cmov, cx8, fxsr, mmx, sse, sse2, sse3, ssse3, sse4.1, sse4.2, popcnt, avx, avx2, aes, clmul, erms, 3dnowpref, lzcnt, ht, tsc, tscinvbit, bmi1, bmi2, adx

Memory: 4k page, physical 16463352k(874904k free), swap 50017784k(40144k free)

vm_info: Java HotSpot(TM) 64-Bit Server VM (25.491-b10) for windows-amd64 JRE (1.8.0_491-b10), built on Mar 30 2026 07:57:25 by "java_re" with MS VC++ 17.13 (VS2022)

time: Mon Jul 20 22:24:28 2026
timezone: Intel64 Family 6 Model 186 Stepping 2, GenuineIntel
elapsed time: 2.243312 seconds (0d 0h 0m 2s)

